<?xml version="1.0" encoding="UTF-8"?>
<testng-results ignored="0" total="1" passed="1" failed="0" skipped="0">
  <reporter-output>
    <line>
      <![CDATA[database connected]]>
    </line>
    <line>
      <![CDATA[browser launched]]>
    </line>
    <line>
      <![CDATA[logged in successfully]]>
    </line>
    <line>
      <![CDATA[logged out successfully]]>
    </line>
    <line>
      <![CDATA[browser closed]]>
    </line>
    <line>
      <![CDATA[database disconnected]]>
    </line>
  </reporter-output>
  <suite started-at="2023-05-10T09:49:52 IST" name="Default suite" finished-at="2023-05-10T09:50:53 IST" duration-ms="61055">
    <groups>
    </groups>
    <test started-at="2023-05-10T09:49:52 IST" name="Default test" finished-at="2023-05-10T09:50:53 IST" duration-ms="61055">
      <class name="com.Actitime.TestScripts.Task">
        <test-method is-config="true" signature="databaseconnection()[pri:0, instance:com.Actitime.TestScripts.Task@2f7298b]" started-at="2023-05-10T09:49:52 IST" name="databaseconnection" finished-at="2023-05-10T09:49:52 IST" duration-ms="13" status="PASS">
          <reporter-output>
            <line>
              <![CDATA[database connected]]>
            </line>
          </reporter-output>
        </test-method> <!-- databaseconnection -->
        <test-method is-config="true" signature="LaunhBrowser()[pri:0, instance:com.Actitime.TestScripts.Task@2f7298b]" started-at="2023-05-10T09:49:52 IST" name="LaunhBrowser" finished-at="2023-05-10T09:50:38 IST" duration-ms="45932" status="PASS">
          <reporter-output>
            <line>
              <![CDATA[browser launched]]>
            </line>
          </reporter-output>
        </test-method> <!-- LaunhBrowser -->
        <test-method is-config="true" signature="login()[pri:0, instance:com.Actitime.TestScripts.Task@2f7298b]" started-at="2023-05-10T09:50:38 IST" name="login" finished-at="2023-05-10T09:50:39 IST" duration-ms="607" status="PASS">
          <reporter-output>
            <line>
              <![CDATA[logged in successfully]]>
            </line>
          </reporter-output>
        </test-method> <!-- login -->
        <test-method signature="createCustomer()[pri:0, instance:com.Actitime.TestScripts.Task@2f7298b]" started-at="2023-05-10T09:50:39 IST" name="createCustomer" finished-at="2023-05-10T09:50:39 IST" duration-ms="90" status="PASS">
          <reporter-output>
          </reporter-output>
        </test-method> <!-- createCustomer -->
        <test-method is-config="true" signature="logout()[pri:0, instance:com.Actitime.TestScripts.Task@2f7298b]" started-at="2023-05-10T09:50:39 IST" name="logout" finished-at="2023-05-10T09:50:53 IST" duration-ms="13550" status="PASS">
          <reporter-output>
            <line>
              <![CDATA[logged out successfully]]>
            </line>
          </reporter-output>
        </test-method> <!-- logout -->
        <test-method is-config="true" signature="closebrowser()[pri:0, instance:com.Actitime.TestScripts.Task@2f7298b]" started-at="2023-05-10T09:50:53 IST" name="closebrowser" finished-at="2023-05-10T09:50:53 IST" duration-ms="471" status="PASS">
          <reporter-output>
            <line>
              <![CDATA[browser closed]]>
            </line>
          </reporter-output>
        </test-method> <!-- closebrowser -->
        <test-method is-config="true" signature="databasedisconnection()[pri:0, instance:com.Actitime.TestScripts.Task@2f7298b]" started-at="2023-05-10T09:50:53 IST" name="databasedisconnection" finished-at="2023-05-10T09:50:53 IST" duration-ms="2" status="PASS">
          <reporter-output>
            <line>
              <![CDATA[database disconnected]]>
            </line>
          </reporter-output>
        </test-method> <!-- databasedisconnection -->
      </class> <!-- com.Actitime.TestScripts.Task -->
    </test> <!-- Default test -->
  </suite> <!-- Default suite -->
</testng-results>
